0 info it worked if it ends with ok
1 verbose cli [ '/usr/local/bin/node', '/usr/local/bin/npm', 'run', 'dev' ]
2 info using npm@3.3.12
3 info using node@v5.4.1
4 verbose run-script [ 'predev', 'dev', 'postdev' ]
5 info lifecycle semiot-platform-web-ui@1.0.1~predev: semiot-platform-web-ui@1.0.1
6 silly lifecycle semiot-platform-web-ui@1.0.1~predev: no script for predev, continuing
7 info lifecycle semiot-platform-web-ui@1.0.1~dev: semiot-platform-web-ui@1.0.1
8 verbose lifecycle semiot-platform-web-ui@1.0.1~dev: unsafe-perm in lifecycle true
9 verbose lifecycle semiot-platform-web-ui@1.0.1~dev: PATH: /usr/local/lib/node_modules/npm/bin/node-gyp-bin:/home/nikolay/semiot/semiot-platform/api-gateway/src/main/websrc/node_modules/.bin:/home/nikolay/.rbenv/shims:/home/nikolay/.rbenv/plugins/ruby-build/bin:/home/nikolay/.rbenv/bin:/usr/local/sbin:/usr/local/bin:/usr/sbin:/usr/bin:/sbin:/bin:/usr/games:/usr/local/games
10 verbose lifecycle semiot-platform-web-ui@1.0.1~dev: CWD: /home/nikolay/semiot/semiot-platform/api-gateway/src/main/websrc
11 silly lifecycle semiot-platform-web-ui@1.0.1~dev: Args: [ '-c', 'grunt' ]
12 silly lifecycle semiot-platform-web-ui@1.0.1~dev: Returned: code: 6  signal: null
13 info lifecycle semiot-platform-web-ui@1.0.1~dev: Failed to exec dev script
14 verbose stack Error: semiot-platform-web-ui@1.0.1 dev: `grunt`
14 verbose stack Exit status 6
14 verbose stack     at EventEmitter.<anonymous> (/usr/local/lib/node_modules/npm/lib/utils/lifecycle.js:232:16)
14 verbose stack     at emitTwo (events.js:87:13)
14 verbose stack     at EventEmitter.emit (events.js:172:7)
14 verbose stack     at ChildProcess.<anonymous> (/usr/local/lib/node_modules/npm/lib/utils/spawn.js:24:14)
14 verbose stack     at emitTwo (events.js:87:13)
14 verbose stack     at ChildProcess.emit (events.js:172:7)
14 verbose stack     at maybeClose (internal/child_process.js:821:16)
14 verbose stack     at Process.ChildProcess._handle.onexit (internal/child_process.js:211:5)
15 verbose pkgid semiot-platform-web-ui@1.0.1
16 verbose cwd /home/nikolay/semiot/semiot-platform/api-gateway/src/main/websrc
17 error Linux 3.19.0-56-generic
18 error argv "/usr/local/bin/node" "/usr/local/bin/npm" "run" "dev"
19 error node v5.4.1
20 error npm  v3.3.12
21 error code ELIFECYCLE
22 error semiot-platform-web-ui@1.0.1 dev: `grunt`
22 error Exit status 6
23 error Failed at the semiot-platform-web-ui@1.0.1 dev script 'grunt'.
23 error Make sure you have the latest version of node.js and npm installed.
23 error If you do, this is most likely a problem with the semiot-platform-web-ui package,
23 error not with npm itself.
23 error Tell the author that this fails on your system:
23 error     grunt
23 error You can get their info via:
23 error     npm owner ls semiot-platform-web-ui
23 error There is likely additional logging output above.
24 verbose exit [ 1, true ]
